<?xml version="1.0" encoding="UTF-8"?>
<testsuite name="com.example.kastoriaServer.KastoriaServerApplicationTests" tests="2" skipped="0" failures="0" errors="0" timestamp="2023-07-19T19:38:05" hostname="DESKTOP-C3R7H11" time="1.351">
  <properties/>
  <testcase name="contextLoads()" classname="com.example.kastoriaServer.KastoriaServerApplicationTests" time="0.581"/>
  <testcase name="addPlaceTest()" classname="com.example.kastoriaServer.KastoriaServerApplicationTests" time="0.765"/>
  <system-out><![CDATA[22:37:50.227 [Test worker] DEBUG org.springframework.boot.test.context.SpringBootTestContextBootstrapper - Neither @ContextConfiguration nor @ContextHierarchy found for test class [KastoriaServerApplicationTests]: using SpringBootContextLoader
22:37:50.247 [Test worker] DEBUG org.springframework.test.context.support.AbstractContextLoader - Could not detect default resource locations for test class [com.example.kastoriaServer.KastoriaServerApplicationTests]: no resource found for suffixes {-context.xml, Context.groovy}.
22:37:50.251 [Test worker] INFO org.springframework.test.context.support.AnnotationConfigContextLoaderUtils - Could not detect default configuration classes for test class [com.example.kastoriaServer.KastoriaServerApplicationTests]: KastoriaServerApplicationTests does not declare any static, non-private, non-final, nested classes annotated with @Configuration.
22:37:50.417 [Test worker] DEBUG org.springframework.boot.test.context.SpringBootTestContextBootstrapper - Using ContextCustomizers for test class [KastoriaServerApplicationTests]: [DisableObservabilityContextCustomizer, PropertyMappingContextCustomizer, Customizer, ExcludeFilterContextCustomizer, DuplicateJsonObjectContextCustomizer, MockitoContextCustomizer, TestRestTemplateContextCustomizer]
22:37:50.676 [Test worker] DEBUG org.springframework.context.annotation.ClassPathScanningCandidateComponentProvider - Identified candidate component class: file [C:\Users\haris\Downloads\kastoriaServer\kastoriaServer\build\classes\java\main\com\example\kastoriaServer\KastoriaServerApplication.class]
22:37:50.681 [Test worker] INFO org.springframework.boot.test.context.SpringBootTestContextBootstrapper - Found @SpringBootConfiguration com.example.kastoriaServer.KastoriaServerApplication for test class com.example.kastoriaServer.KastoriaServerApplicationTests
22:37:51.142 [Test worker] DEBUG org.springframework.boot.test.context.SpringBootTestContextBootstrapper - Using TestExecutionListeners for test class [KastoriaServerApplicationTests]: [ServletTestExecutionListener, DirtiesContextBeforeModesTestExecutionListener, ApplicationEventsTestExecutionListener, MockitoTestExecutionListener, DependencyInjectionTestExecutionListener, DirtiesContextTestExecutionListener, TransactionalTestExecutionListener, SqlScriptsTestExecutionListener, EventPublishingTestExecutionListener, RestDocsTestExecutionListener, MockRestServiceServerResetTestExecutionListener, MockMvcPrintOnlyOnFailureTestExecutionListener, WebDriverTestExecutionListener, MockWebServiceServerTestExecutionListener, ResetMocksTestExecutionListener]
22:37:51.150 [Test worker] DEBUG org.springframework.test.context.support.AbstractDirtiesContextTestExecutionListener - Before test class: class [KastoriaServerApplicationTests], class annotated with @DirtiesContext [false] with mode [null]

  .   ____          _            __ _ _
 /\\ / ___'_ __ _ _(_)_ __  __ _ \ \ \ \
( ( )\___ | '_ | '_| | '_ \/ _` | \ \ \ \
 \\/  ___)| |_)| | | | | || (_| |  ) ) ) )
  '  |____| .__|_| |_|_| |_\__, | / / / /
 =========|_|==============|___/=/_/_/_/
 :: Spring Boot ::                (v3.0.2)

2023-07-19T22:37:52.328+03:00  INFO 8532 --- [    Test worker] c.e.k.KastoriaServerApplicationTests     : Starting KastoriaServerApplicationTests using Java 17.0.8 with PID 8532 (started by haris in C:\Users\haris\Downloads\kastoriaServer\kastoriaServer)
2023-07-19T22:37:52.334+03:00  INFO 8532 --- [    Test worker] c.e.k.KastoriaServerApplicationTests     : No active profile set, falling back to 1 default profile: "default"
2023-07-19T22:37:54.969+03:00  INFO 8532 --- [    Test worker] .s.d.r.c.RepositoryConfigurationDelegate : Bootstrapping Spring Data JPA repositories in DEFAULT mode.
2023-07-19T22:37:55.175+03:00  INFO 8532 --- [    Test worker] .s.d.r.c.RepositoryConfigurationDelegate : Finished Spring Data repository scanning in 179 ms. Found 2 JPA repository interfaces.
2023-07-19T22:37:57.213+03:00  INFO 8532 --- [    Test worker] o.hibernate.jpa.internal.util.LogHelper  : HHH000204: Processing PersistenceUnitInfo [name: default]
2023-07-19T22:37:57.420+03:00  INFO 8532 --- [    Test worker] org.hibernate.Version                    : HHH000412: Hibernate ORM core version 6.1.6.Final
2023-07-19T22:37:57.966+03:00  WARN 8532 --- [    Test worker] org.hibernate.orm.deprecation            : HHH90000021: Encountered deprecated setting [javax.persistence.sharedCache.mode], use [jakarta.persistence.sharedCache.mode] instead
2023-07-19T22:37:58.431+03:00  INFO 8532 --- [    Test worker] com.zaxxer.hikari.HikariDataSource       : HikariPool-1 - Starting...
2023-07-19T22:37:59.502+03:00  INFO 8532 --- [    Test worker] com.zaxxer.hikari.pool.HikariPool        : HikariPool-1 - Added connection com.mysql.cj.jdbc.ConnectionImpl@7ab33ca8
2023-07-19T22:37:59.512+03:00  INFO 8532 --- [    Test worker] com.zaxxer.hikari.HikariDataSource       : HikariPool-1 - Start completed.
2023-07-19T22:37:59.581+03:00  INFO 8532 --- [    Test worker] SQL dialect                              : HHH000400: Using dialect: org.hibernate.dialect.MySQL8Dialect
2023-07-19T22:37:59.582+03:00  WARN 8532 --- [    Test worker] org.hibernate.orm.deprecation            : HHH90000026: MySQL8Dialect has been deprecated; use org.hibernate.dialect.MySQLDialect instead
2023-07-19T22:38:02.785+03:00  INFO 8532 --- [    Test worker] o.h.e.t.j.p.i.JtaPlatformInitiator       : HHH000490: Using JtaPlatform implementation: [org.hibernate.engine.transaction.jta.platform.internal.NoJtaPlatform]
2023-07-19T22:38:02.823+03:00  INFO 8532 --- [    Test worker] j.LocalContainerEntityManagerFactoryBean : Initialized JPA EntityManagerFactory for persistence unit 'default'
2023-07-19T22:38:04.338+03:00  WARN 8532 --- [    Test worker] JpaBaseConfiguration$JpaWebConfiguration : spring.jpa.open-in-view is enabled by default. Therefore, database queries may be performed during view rendering. Explicitly configure spring.jpa.open-in-view to disable this warning
2023-07-19T22:38:05.531+03:00  INFO 8532 --- [    Test worker] c.e.k.KastoriaServerApplicationTests     : Started KastoriaServerApplicationTests in 14.168 seconds (process running for 18.7)
]]></system-out>
  <system-err><![CDATA[]]></system-err>
</testsuite>
